Compiled jquery.js  (6ms)  (pid 4787)
Compiled jquery_ujs.js  (0ms)  (pid 4787)
Compiled bootstrap-transition.js  (0ms)  (pid 4787)
Compiled bootstrap-affix.js  (1ms)  (pid 4787)
Compiled bootstrap-alert.js  (0ms)  (pid 4787)
Compiled bootstrap-button.js  (0ms)  (pid 4787)
Compiled bootstrap-carousel.js  (0ms)  (pid 4787)
Compiled bootstrap-collapse.js  (0ms)  (pid 4787)
Compiled bootstrap-dropdown.js  (0ms)  (pid 4787)
Compiled bootstrap-modal.js  (0ms)  (pid 4787)
Compiled bootstrap-scrollspy.js  (0ms)  (pid 4787)
Compiled bootstrap-tab.js  (0ms)  (pid 4787)
Compiled bootstrap-tooltip.js  (0ms)  (pid 4787)
Compiled bootstrap-popover.js  (0ms)  (pid 4787)
Compiled bootstrap-typeahead.js  (0ms)  (pid 4787)
Compiled bootstrap.js  (274ms)  (pid 4787)
Compiled bookmark_urls.js  (308ms)  (pid 4787)
Compiled jquery-ui-1.9.2.custom.js  (1ms)  (pid 4787)
Compiled playlists.js  (0ms)  (pid 4787)
Compiled sessions.js  (157ms)  (pid 4787)
Compiled static_pages.js  (0ms)  (pid 4787)
Compiled user_bookmarks.js  (106ms)  (pid 4787)
Compiled users.js  (0ms)  (pid 4787)
Compiled application.js  (1391ms)  (pid 4787)
Compiled bookmark_urls.css  (2ms)  (pid 4787)
Compiled bootstrap_and_overrides.css  (5261ms)  (pid 4787)
Compiled jquery-ui-1.9.2.custom.css  (0ms)  (pid 4787)
Compiled jsfiles.css  (3ms)  (pid 4787)
Compiled playlists.css  (50ms)  (pid 4787)
Compiled sessions.css  (2ms)  (pid 4787)
Compiled static_pages.css  (16ms)  (pid 4787)
Compiled user_bookmarks.css  (2ms)  (pid 4787)
Compiled users.css  (2ms)  (pid 4787)
Compiled application.css  (5467ms)  (pid 4787)
Compiled jquery.js  (3ms)  (pid 4787)
Compiled jquery_ujs.js  (0ms)  (pid 4787)
Compiled bootstrap-transition.js  (0ms)  (pid 4787)
Compiled bootstrap-affix.js  (0ms)  (pid 4787)
Compiled bootstrap-alert.js  (0ms)  (pid 4787)
Compiled bootstrap-button.js  (0ms)  (pid 4787)
Compiled bootstrap-carousel.js  (0ms)  (pid 4787)
Compiled bootstrap-collapse.js  (0ms)  (pid 4787)
Compiled bootstrap-dropdown.js  (0ms)  (pid 4787)
Compiled bootstrap-modal.js  (0ms)  (pid 4787)
Compiled bootstrap-scrollspy.js  (0ms)  (pid 4787)
Compiled bootstrap-tab.js  (0ms)  (pid 4787)
Compiled bootstrap-tooltip.js  (0ms)  (pid 4787)
Compiled bootstrap-popover.js  (0ms)  (pid 4787)
Compiled bootstrap-typeahead.js  (0ms)  (pid 4787)
Compiled bootstrap.js  (284ms)  (pid 4787)
Compiled bookmark_urls.js  (106ms)  (pid 4787)
Compiled jquery-ui-1.9.2.custom.js  (1ms)  (pid 4787)
Compiled playlists.js  (0ms)  (pid 4787)
Compiled sessions.js  (103ms)  (pid 4787)
Compiled static_pages.js  (0ms)  (pid 4787)
Compiled user_bookmarks.js  (113ms)  (pid 4787)
Compiled users.js  (0ms)  (pid 4787)
Compiled application.js  (882ms)  (pid 4787)
Compiled bookmark_urls.css  (5ms)  (pid 4787)
Compiled bootstrap_and_overrides.css  (7472ms)  (pid 4787)
Compiled jquery-ui-1.9.2.custom.css  (0ms)  (pid 4787)
Compiled jsfiles.css  (5ms)  (pid 4787)
Compiled playlists.css  (58ms)  (pid 4787)
Compiled sessions.css  (2ms)  (pid 4787)
Compiled static_pages.css  (21ms)  (pid 4787)
Compiled user_bookmarks.css  (2ms)  (pid 4787)
Compiled users.css  (2ms)  (pid 4787)
Compiled application.css  (7702ms)  (pid 4787)
